-------------------- Log Start | Fri Sep  8 10:38:12 2023 --------------------
data_path: /home/themacboy/printer_data
is_default_data_path: False
config_file: /home/themacboy/printer_data/config/moonraker.conf
startup_warnings: []
verbose: False
debug: False
asyncio_debug: False
is_backup_config: False
is_python_package: False
instance_uuid: 10b64c5b2de846baab27a413d10a0db1
unix_socket_path: /home/themacboy/printer_data/comms/moonraker.sock
software_version: v0.8.0-138-gfe12095
git_branch: master
git_remote: origin
git_repo_url: https://github.com/Arksine/moonraker.git
modified_files: []
unofficial_components: []
log_file: /home/themacboy/printer_data/logs/moonraker.log
python_version: 3.9.2 (default, Mar 12 2021, 04:06:34)  [GCC 10.2.1 20210110]

#################### Moonraker Configuration ####################

[server]
host = 0.0.0.0
port = 7125
klippy_uds_address = /home/themacboy/printer_data/comms/klippy.sock

[authorization]
trusted_clients = 
	10.0.0.0/8
	127.0.0.0/8
	169.254.0.0/16
	172.16.0.0/12
	192.168.0.0/16
	FE80::/10
	::1/128
cors_domains = 
	*.lan
	*.local
	*://localhost
	*://localhost:*
	*://my.mainsail.xyz
	*://app.fluidd.xyz

[octoprint_compat]

[history]

[update_manager]
channel = dev
refresh_interval = 168

[update_manager mainsail-config]
type = git_repo
primary_branch = master
path = ~/mainsail-config
origin = https://github.com/mainsail-crew/mainsail-config.git
managed_services = klipper

[update_manager mainsail]
type = web
channel = stable
repo = mainsail-crew/mainsail
path = ~/mainsail

#################################################################
All Configuration Files:
/home/themacboy/printer_data/config/moonraker.conf
#################################################################
Unsafe Shutdown Count: 18

System Info:

***python***
  version: sys.version_info(major=3, minor=9, micro=2, releaselevel='final', serial=0)
  version_string: 3.9.2 (default, Mar 12 2021, 04:06:34)  [GCC 10.2.1 20210110]

***cpu_info***
  cpu_count: 4
  bits: 32bit
  processor: armv7l
  cpu_desc: ARMv7 Processor rev 4 (v7l)
  serial_number: 4d305844
  hardware_desc: BCM2835
  model: Raspberry Pi Zero 2 W Rev 1.0
  total_memory: 436980
  memory_units: kB

***sd_info***
  manufacturer_id: 9f
  manufacturer: Unknown
  oem_id: 5449
  product_name: SD32G
  product_revision: 6.1
  serial_number: 57b804d6
  manufacturer_date: 10/2022
  capacity: 29.1 GiB
  total_bytes: 31267487744

***distribution***
  name: Raspbian GNU/Linux 11 (bullseye)
  id: raspbian
  version: 11
  version_parts: {'major': '11', 'minor': '', 'build_number': ''}
  like: debian
  codename: bullseye
  release_info: {}

***virtualization***
  virt_type: none
  virt_identifier: none

***network***

***canbus***

***Allowed Services***
  klipper_mcu
  webcamd
  MoonCord
  KlipperScreen
  moonraker-telegram-bot
  moonraker-obico
  sonar
  crowsnest
  octoeverywhere
  ratos-configurator

Systemd unit moonraker.service:
unit_name: moonraker.service
is_default: True
manager: systemd
Properties:
**Requires=['-.mount', 'system.slice', 'network-online.target', 'sysinit.target']
**After=['-.mount', 'system.slice', 'network-online.target', 'systemd-journald.socket', 'sysinit.target', 'basic.target']
**SupplementaryGroups=['moonraker-admin']
**EnvironmentFiles=/home/themacboy/printer_data/systemd/moonraker.env
**ExecStart=/home/themacboy/moonraker-env/bin/python $MOONRAKER_ARGS
**WorkingDirectory=/home/themacboy/moonraker
**FragmentPath=/etc/systemd/system/moonraker.service
**Description=API Server for Klipper SV1
**User=themacboy

Systemd unit klipper.service:
unit_name: klipper.service
is_default: True
manager: systemd
Properties:
**Requires=['sysinit.target', 'system.slice', '-.mount']
**After=['-.mount', 'system.slice', 'network-online.target', 'systemd-journald.socket', 'klipper-mcu.service', 'sysinit.target', 'basic.target']
**SupplementaryGroups=[]
**EnvironmentFiles=/home/themacboy/printer_data/systemd/klipper.env
**ExecStart=/home/themacboy/klippy-env/bin/python $KLIPPER_ARGS
**WorkingDirectory=/home/themacboy/klipper
**FragmentPath=/etc/systemd/system/klipper.service
**Description=Klipper 3D Printer Firmware SV1
**User=themacboy
Git Repo moonraker: No warnings detected
Git Repo klipper: No warnings detected
Git Repo mainsail-config: Warnings detected:
  Repo is dirty.  Detected the following modifed files: []
Klipper Version: v0.11.0-267-g01ed8096
2023-09-08 12:38:11,841 [authorization.py:_check_trusted_connection()] - Trusted Connection Detected, IP: 192.168.0.31
2023-09-08 12:39:15,442 [app.py:prepare()] - Upload Request Received from 192.168.0.31
2023-09-08 12:40:00,622 [app.py:post()] - Processing Uploaded File: handdoek_hanger_set2_gat_0.2mm_FlSun SR - PLA - JY Blanc__4h53m.gcode
2023-09-08 12:40:01,686 [shell_command.py:pipe_data_received()] - INFO:metadata:Object Processing is disabled

2023-09-08 12:40:01,863 [shell_command.py:_check_proc_success()] - Command (/home/themacboy/moonraker-env/bin/python /home/themacboy/moonraker/moonraker/components/file_manager/metadata.py -p /home/themacboy/printer_data/gcodes -f "handdoek_hanger_set2_gat_0.2mm_FlSun SR - PLA - JY Blanc__4h53m.gcode") successfully finished
2023-09-08 12:40:01,931 [app.py:log_request()] - 201 POST /api/files/local (192.168.0.31) [_TRUSTED_USER_] 46486.59ms
2023-09-08 12:54:19,997 [app.py:log_request()] - 101 GET /websocket (192.168.0.31) [_TRUSTED_USER_] 17.27ms
2023-09-08 12:54:20,000 [websockets.py:open()] - Websocket Opened: ID: 1739918784, Proxied: True, User Agent: Mozilla/5.0 (Windows NT 10.0; Win64; x64) AppleWebKit/537.36 (KHTML, like Gecko) Chrome/116.0.0.0 Safari/537.36, Host Name: 192.168.0.34
2023-09-08 12:54:20,108 [websockets.py:_handle_identify()] - Websocket 1739918784 Client Identified - Name: mainsail, Version: 2.7.0, Type: web
2023-09-08 12:55:23,288 [app.py:prepare()] - Upload Request Received from 192.168.0.31
2023-09-08 12:55:23,294 [app.py:post()] - Processing Uploaded File: themacboy_macros.cfg
2023-09-08 12:55:23,309 [app.py:log_request()] - 201 POST /server/files/upload (192.168.0.31) [_TRUSTED_USER_] 29.97ms
2023-09-08 13:05:22,235 [server.py:_handle_term_signal()] - Exiting with signal SIGTERM
2023-09-08 13:05:22,436 [websockets.py:on_close()] - Websocket Closed: ID: 1739918784 Close Code: 1001, Close Reason: Server Shutdown, Pong Time Elapsed: 2.43
2023-09-08 13:05:22,446 [klippy_connection.py:_on_connection_closed()] - Klippy Connection Removed
2023-09-08 13:05:22,476 [database.py:close()] - Database statistics:

announcements:
psize: 4096
depth: 0
branch_pages: 0
leaf_pages: 0
overflow_pages: 0
entries: 0
authorized_users:
psize: 4096
depth: 1
branch_pages: 0
leaf_pages: 1
overflow_pages: 0
entries: 1
gcode_metadata:
psize: 4096
depth: 2
branch_pages: 1
leaf_pages: 4
overflow_pages: 0
entries: 11
history:
psize: 4096
depth: 2
branch_pages: 1
leaf_pages: 8
overflow_pages: 0
entries: 18
mainsail:
psize: 4096
depth: 1
branch_pages: 0
leaf_pages: 1
overflow_pages: 0
entries: 8
moonraker:
psize: 4096
depth: 1
branch_pages: 0
leaf_pages: 1
overflow_pages: 0
entries: 7
update_manager:
psize: 4096
depth: 1
branch_pages: 0
leaf_pages: 1
overflow_pages: 1
entries: 5
2023-09-08 13:05:22,569 [server.py:main()] - Server Shutdown
-------------------- Log Start | Fri Sep  8 11:05:38 2023 --------------------
data_path: /home/themacboy/printer_data
is_default_data_path: False
config_file: /home/themacboy/printer_data/config/moonraker.conf
startup_warnings: []
verbose: False
debug: False
asyncio_debug: False
is_backup_config: False
is_python_package: False
instance_uuid: 10b64c5b2de846baab27a413d10a0db1
unix_socket_path: /home/themacboy/printer_data/comms/moonraker.sock
software_version: v0.8.0-138-gfe12095
git_branch: master
git_remote: origin
git_repo_url: https://github.com/Arksine/moonraker.git
modified_files: []
unofficial_components: []
log_file: /home/themacboy/printer_data/logs/moonraker.log
python_version: 3.9.2 (default, Mar 12 2021, 04:06:34)  [GCC 10.2.1 20210110]
2023-09-08 13:05:38,947 [confighelper.py:read_file()] - Configuration File '/home/themacboy/printer_data/config/moonraker.conf' parsed, total size: 735 B
2023-09-08 13:05:38,948 [server.py:add_log_rollover_item()] - 
#################### Moonraker Configuration ####################

[server]
host = 0.0.0.0
port = 7125
klippy_uds_address = /home/themacboy/printer_data/comms/klippy.sock

[authorization]
trusted_clients = 
	10.0.0.0/8
	127.0.0.0/8
	169.254.0.0/16
	172.16.0.0/12
	192.168.0.0/16
	FE80::/10
	::1/128
cors_domains = 
	*.lan
	*.local
	*://localhost
	*://localhost:*
	*://my.mainsail.xyz
	*://app.fluidd.xyz

[octoprint_compat]

[history]

[update_manager]
channel = dev
refresh_interval = 168

[update_manager mainsail-config]
type = git_repo
primary_branch = master
path = ~/mainsail-config
origin = https://github.com/mainsail-crew/mainsail-config.git
managed_services = klipper

[update_manager mainsail]
type = web
channel = stable
repo = mainsail-crew/mainsail
path = ~/mainsail

#################################################################
All Configuration Files:
/home/themacboy/printer_data/config/moonraker.conf
#################################################################
2023-09-08 13:05:39,004 [app.py:register_local_handler()] - Registering HTTP Endpoint: (POST) /server/logs/rollover
2023-09-08 13:05:39,005 [websockets.py:register_api_handler()] - Registering Websocket JSON-RPC methods: server.logs.rollover
2023-09-08 13:05:39,006 [app.py:register_local_handler()] - Registering HTTP Endpoint: (GET) /server/info
2023-09-08 13:05:39,007 [websockets.py:register_api_handler()] - Registering Websocket JSON-RPC methods: server.info
2023-09-08 13:05:39,007 [app.py:register_local_handler()] - Registering HTTP Endpoint: (GET) /server/config
2023-09-08 13:05:39,008 [websockets.py:register_api_handler()] - Registering Websocket JSON-RPC methods: server.config
2023-09-08 13:05:39,008 [app.py:register_local_handler()] - Registering HTTP Endpoint: (POST) /server/restart
2023-09-08 13:05:39,009 [websockets.py:register_api_handler()] - Registering Websocket JSON-RPC methods: server.restart
2023-09-08 13:05:39,163 [server.py:load_component()] - Component (dbus_manager) loaded
2023-09-08 13:05:39,183 [server.py:add_log_rollover_item()] - Unsafe Shutdown Count: 18
2023-09-08 13:05:39,196 [app.py:register_local_handler()] - Registering HTTP Endpoint: (GET) /server/database/list
2023-09-08 13:05:39,197 [websockets.py:register_api_handler()] - Registering Websocket JSON-RPC methods: server.database.list
2023-09-08 13:05:39,198 [app.py:register_local_handler()] - Registering HTTP Endpoint: (GET POST DELETE) /server/database/item
2023-09-08 13:05:39,199 [websockets.py:register_api_handler()] - Registering Websocket JSON-RPC methods: server.database.get_item, server.database.post_item, server.database.delete_item
2023-09-08 13:05:39,199 [server.py:load_component()] - Component (database) loaded
2023-09-08 13:05:39,250 [file_manager.py:__init__()] - Using File System Observer: inotify
2023-09-08 13:05:39,324 [app.py:register_local_handler()] - Registering HTTP Endpoint: (GET) /server/files/list
2023-09-08 13:05:39,326 [websockets.py:register_api_handler()] - Registering Websocket JSON-RPC methods: server.files.list
2023-09-08 13:05:39,326 [app.py:register_local_handler()] - Registering HTTP Endpoint: (GET) /server/files/metadata
2023-09-08 13:05:39,327 [websockets.py:register_api_handler()] - Registering Websocket JSON-RPC methods: server.files.metadata
2023-09-08 13:05:39,327 [app.py:register_local_handler()] - Registering HTTP Endpoint: (POST) /server/files/metascan
2023-09-08 13:05:39,328 [websockets.py:register_api_handler()] - Registering Websocket JSON-RPC methods: server.files.metascan
2023-09-08 13:05:39,329 [app.py:register_local_handler()] - Registering HTTP Endpoint: (GET) /server/files/thumbnails
2023-09-08 13:05:39,330 [websockets.py:register_api_handler()] - Registering Websocket JSON-RPC methods: server.files.thumbnails
2023-09-08 13:05:39,330 [app.py:register_local_handler()] - Registering HTTP Endpoint: (GET) /server/files/roots
2023-09-08 13:05:39,332 [websockets.py:register_api_handler()] - Registering Websocket JSON-RPC methods: server.files.roots
2023-09-08 13:05:39,332 [app.py:register_local_handler()] - Registering HTTP Endpoint: (GET POST DELETE) /server/files/directory
2023-09-08 13:05:39,334 [websockets.py:register_api_handler()] - Registering Websocket JSON-RPC methods: server.files.get_directory, server.files.post_directory, server.files.delete_directory
2023-09-08 13:05:39,334 [app.py:register_local_handler()] - Registering HTTP Endpoint: (POST) /server/files/move
2023-09-08 13:05:39,335 [websockets.py:register_api_handler()] - Registering Websocket JSON-RPC methods: server.files.move
2023-09-08 13:05:39,335 [app.py:register_local_handler()] - Registering HTTP Endpoint: (POST) /server/files/copy
2023-09-08 13:05:39,336 [websockets.py:register_api_handler()] - Registering Websocket JSON-RPC methods: server.files.copy
2023-09-08 13:05:39,337 [app.py:register_local_handler()] - Registering HTTP Endpoint: (POST) /server/files/zip
2023-09-08 13:05:39,338 [websockets.py:register_api_handler()] - Registering Websocket JSON-RPC methods: server.files.zip
2023-09-08 13:05:39,338 [websockets.py:register_api_handler()] - Registering Websocket JSON-RPC methods: server.files.delete_file
2023-09-08 13:05:39,352 [server.py:load_component()] - Component (file_manager) loaded
2023-09-08 13:05:39,358 [app.py:register_local_handler()] - Registering HTTP Endpoint: (POST) /printer/print/pause
2023-09-08 13:05:39,360 [websockets.py:register_api_handler()] - Registering Websocket JSON-RPC methods: printer.print.pause
2023-09-08 13:05:39,360 [app.py:register_local_handler()] - Registering HTTP Endpoint: (POST) /printer/print/resume
2023-09-08 13:05:39,361 [websockets.py:register_api_handler()] - Registering Websocket JSON-RPC methods: printer.print.resume
2023-09-08 13:05:39,361 [app.py:register_local_handler()] - Registering HTTP Endpoint: (POST) /printer/print/cancel
2023-09-08 13:05:39,362 [websockets.py:register_api_handler()] - Registering Websocket JSON-RPC methods: printer.print.cancel
2023-09-08 13:05:39,362 [app.py:register_local_handler()] - Registering HTTP Endpoint: (POST) /printer/print/start
2023-09-08 13:05:39,363 [websockets.py:register_api_handler()] - Registering Websocket JSON-RPC methods: printer.print.start
2023-09-08 13:05:39,364 [app.py:register_local_handler()] - Registering HTTP Endpoint: (POST) /printer/restart
2023-09-08 13:05:39,365 [websockets.py:register_api_handler()] - Registering Websocket JSON-RPC methods: printer.restart
2023-09-08 13:05:39,365 [app.py:register_local_handler()] - Registering HTTP Endpoint: (POST) /printer/firmware_restart
2023-09-08 13:05:39,366 [websockets.py:register_api_handler()] - Registering Websocket JSON-RPC methods: printer.firmware_restart
2023-09-08 13:05:39,367 [server.py:load_component()] - Component (klippy_apis) loaded
2023-09-08 13:05:39,713 [server.py:load_component()] - Component (secrets) loaded
2023-09-08 13:05:39,730 [server.py:load_component()] - Component (template) loaded
2023-09-08 13:05:39,897 [server.py:add_log_rollover_item()] - 
System Info:

***python***
  version: sys.version_info(major=3, minor=9, micro=2, releaselevel='final', serial=0)
  version_string: 3.9.2 (default, Mar 12 2021, 04:06:34)  [GCC 10.2.1 20210110]

***cpu_info***
  cpu_count: 4
  bits: 32bit
  processor: armv7l
  cpu_desc: ARMv7 Processor rev 4 (v7l)
  serial_number: 4d305844
  hardware_desc: BCM2835
  model: Raspberry Pi Zero 2 W Rev 1.0
  total_memory: 436980
  memory_units: kB

***sd_info***
  manufacturer_id: 9f
  manufacturer: Unknown
  oem_id: 5449
  product_name: SD32G
  product_revision: 6.1
  serial_number: 57b804d6
  manufacturer_date: 10/2022
  capacity: 29.1 GiB
  total_bytes: 31267487744

***distribution***
  name: Raspbian GNU/Linux 11 (bullseye)
  id: raspbian
  version: 11
  version_parts: {'major': '11', 'minor': '', 'build_number': ''}
  like: debian
  codename: bullseye
  release_info: {}

***virtualization***
  virt_type: none
  virt_identifier: none

***network***

***canbus***

***Allowed Services***
  klipper_mcu
  webcamd
  MoonCord
  KlipperScreen
  moonraker-telegram-bot
  moonraker-obico
  sonar
  crowsnest
  octoeverywhere
  ratos-configurator
2023-09-08 13:05:39,904 [server.py:load_component()] - Component (shell_command) loaded
2023-09-08 13:05:39,904 [machine.py:__init__()] - Using System Provider: systemd_dbus
2023-09-08 13:05:39,906 [app.py:register_local_handler()] - Registering HTTP Endpoint: (POST) /machine/reboot
2023-09-08 13:05:39,907 [websockets.py:register_api_handler()] - Registering Websocket JSON-RPC methods: machine.reboot
2023-09-08 13:05:39,907 [app.py:register_local_handler()] - Registering HTTP Endpoint: (POST) /machine/shutdown
2023-09-08 13:05:39,908 [websockets.py:register_api_handler()] - Registering Websocket JSON-RPC methods: machine.shutdown
2023-09-08 13:05:39,909 [app.py:register_local_handler()] - Registering HTTP Endpoint: (POST) /machine/services/restart
2023-09-08 13:05:39,910 [websockets.py:register_api_handler()] - Registering Websocket JSON-RPC methods: machine.services.restart
2023-09-08 13:05:39,911 [app.py:register_local_handler()] - Registering HTTP Endpoint: (POST) /machine/services/stop
2023-09-08 13:05:39,912 [websockets.py:register_api_handler()] - Registering Websocket JSON-RPC methods: machine.services.stop
2023-09-08 13:05:39,912 [app.py:register_local_handler()] - Registering HTTP Endpoint: (POST) /machine/services/start
2023-09-08 13:05:39,914 [websockets.py:register_api_handler()] - Registering Websocket JSON-RPC methods: machine.services.start
2023-09-08 13:05:39,914 [app.py:register_local_handler()] - Registering HTTP Endpoint: (GET) /machine/system_info
2023-09-08 13:05:39,915 [websockets.py:register_api_handler()] - Registering Websocket JSON-RPC methods: machine.system_info
2023-09-08 13:05:39,916 [app.py:register_local_handler()] - Registering HTTP Endpoint: (GET) /machine/sudo/info
2023-09-08 13:05:39,917 [websockets.py:register_api_handler()] - Registering Websocket JSON-RPC methods: machine.sudo.info
2023-09-08 13:05:39,917 [app.py:register_local_handler()] - Registering HTTP Endpoint: (POST) /machine/sudo/password
2023-09-08 13:05:39,918 [websockets.py:register_api_handler()] - Registering Websocket JSON-RPC methods: machine.sudo.password
2023-09-08 13:05:39,920 [server.py:load_component()] - Component (machine) loaded
2023-09-08 13:05:39,926 [app.py:register_local_handler()] - Registering HTTP Endpoint: (GET) /server/temperature_store
2023-09-08 13:05:39,927 [websockets.py:register_api_handler()] - Registering Websocket JSON-RPC methods: server.temperature_store
2023-09-08 13:05:39,928 [app.py:register_local_handler()] - Registering HTTP Endpoint: (GET) /server/gcode_store
2023-09-08 13:05:39,929 [websockets.py:register_api_handler()] - Registering Websocket JSON-RPC methods: server.gcode_store
2023-09-08 13:05:39,930 [server.py:load_component()] - Component (data_store) loaded
2023-09-08 13:05:39,938 [proc_stats.py:__init__()] - Detected 'vcgencmd', throttle checking enabled
2023-09-08 13:05:39,939 [app.py:register_local_handler()] - Registering HTTP Endpoint: (GET) /machine/proc_stats
2023-09-08 13:05:39,941 [websockets.py:register_api_handler()] - Registering Websocket JSON-RPC methods: machine.proc_stats
2023-09-08 13:05:39,942 [server.py:load_component()] - Component (proc_stats) loaded
2023-09-08 13:05:39,946 [server.py:load_component()] - Component (job_state) loaded
2023-09-08 13:05:39,953 [app.py:register_local_handler()] - Registering HTTP Endpoint: (POST DELETE) /server/job_queue/job
2023-09-08 13:05:39,955 [websockets.py:register_api_handler()] - Registering Websocket JSON-RPC methods: server.job_queue.post_job, server.job_queue.delete_job
2023-09-08 13:05:39,956 [app.py:register_local_handler()] - Registering HTTP Endpoint: (POST) /server/job_queue/pause
2023-09-08 13:05:39,958 [websockets.py:register_api_handler()] - Registering Websocket JSON-RPC methods: server.job_queue.pause
2023-09-08 13:05:39,958 [app.py:register_local_handler()] - Registering HTTP Endpoint: (POST) /server/job_queue/start
2023-09-08 13:05:39,960 [websockets.py:register_api_handler()] - Registering Websocket JSON-RPC methods: server.job_queue.start
2023-09-08 13:05:39,960 [app.py:register_local_handler()] - Registering HTTP Endpoint: (GET) /server/job_queue/status
2023-09-08 13:05:39,962 [websockets.py:register_api_handler()] - Registering Websocket JSON-RPC methods: server.job_queue.status
2023-09-08 13:05:39,962 [app.py:register_local_handler()] - Registering HTTP Endpoint: (POST) /server/job_queue/jump
2023-09-08 13:05:39,964 [websockets.py:register_api_handler()] - Registering Websocket JSON-RPC methods: server.job_queue.jump
2023-09-08 13:05:39,964 [server.py:load_component()] - Component (job_queue) loaded
2023-09-08 13:05:39,990 [server.py:load_component()] - Component (http_client) loaded
2023-09-08 13:05:39,999 [app.py:register_local_handler()] - Registering HTTP Endpoint: (GET) /server/announcements/list
2023-09-08 13:05:40,001 [websockets.py:register_api_handler()] - Registering Websocket JSON-RPC methods: server.announcements.list
2023-09-08 13:05:40,001 [app.py:register_local_handler()] - Registering HTTP Endpoint: (POST) /server/announcements/dismiss
2023-09-08 13:05:40,003 [websockets.py:register_api_handler()] - Registering Websocket JSON-RPC methods: server.announcements.dismiss
2023-09-08 13:05:40,003 [app.py:register_local_handler()] - Registering HTTP Endpoint: (POST) /server/announcements/update
2023-09-08 13:05:40,007 [websockets.py:register_api_handler()] - Registering Websocket JSON-RPC methods: server.announcements.update
2023-09-08 13:05:40,007 [app.py:register_local_handler()] - Registering HTTP Endpoint: (POST DELETE) /server/announcements/feed
2023-09-08 13:05:40,009 [websockets.py:register_api_handler()] - Registering Websocket JSON-RPC methods: server.announcements.post_feed, server.announcements.delete_feed
2023-09-08 13:05:40,009 [app.py:register_local_handler()] - Registering HTTP Endpoint: (GET) /server/announcements/feeds
2023-09-08 13:05:40,012 [websockets.py:register_api_handler()] - Registering Websocket JSON-RPC methods: server.announcements.feeds
2023-09-08 13:05:40,013 [server.py:load_component()] - Component (announcements) loaded
2023-09-08 13:05:40,025 [app.py:register_local_handler()] - Registering HTTP Endpoint: (GET) /server/webcams/list
2023-09-08 13:05:40,027 [websockets.py:register_api_handler()] - Registering Websocket JSON-RPC methods: server.webcams.list
2023-09-08 13:05:40,028 [app.py:register_local_handler()] - Registering HTTP Endpoint: (GET POST DELETE) /server/webcams/item
2023-09-08 13:05:40,029 [websockets.py:register_api_handler()] - Registering Websocket JSON-RPC methods: server.webcams.get_item, server.webcams.post_item, server.webcams.delete_item
2023-09-08 13:05:40,029 [app.py:register_local_handler()] - Registering HTTP Endpoint: (POST) /server/webcams/test
2023-09-08 13:05:40,030 [websockets.py:register_api_handler()] - Registering Websocket JSON-RPC methods: server.webcams.test
2023-09-08 13:05:40,030 [server.py:load_component()] - Component (webcam) loaded
2023-09-08 13:05:40,039 [websockets.py:register_api_handler()] - Registering Websocket JSON-RPC methods: connection.send_event
2023-09-08 13:05:40,040 [app.py:register_local_handler()] - Registering HTTP Endpoint: (GET) /server/extensions/list
2023-09-08 13:05:40,041 [websockets.py:register_api_handler()] - Registering Websocket JSON-RPC methods: server.extensions.list
2023-09-08 13:05:40,041 [app.py:register_local_handler()] - Registering HTTP Endpoint: (POST) /server/extensions/request
2023-09-08 13:05:40,043 [websockets.py:register_api_handler()] - Registering Websocket JSON-RPC methods: server.extensions.request
2023-09-08 13:05:40,044 [server.py:load_component()] - Component (extensions) loaded
2023-09-08 13:05:40,193 [base_deploy.py:log_info()] - Git Repo moonraker: Detected virtualenv: /home/themacboy/moonraker-env
2023-09-08 13:05:40,200 [base_deploy.py:log_info()] - Git Repo klipper: Detected virtualenv: /home/themacboy/klippy-env
2023-09-08 13:05:40,234 [app.py:register_local_handler()] - Registering HTTP Endpoint: (POST) /machine/update/moonraker
2023-09-08 13:05:40,235 [websockets.py:register_api_handler()] - Registering Websocket JSON-RPC methods: machine.update.moonraker
2023-09-08 13:05:40,235 [app.py:register_local_handler()] - Registering HTTP Endpoint: (POST) /machine/update/klipper
2023-09-08 13:05:40,236 [websockets.py:register_api_handler()] - Registering Websocket JSON-RPC methods: machine.update.klipper
2023-09-08 13:05:40,236 [app.py:register_local_handler()] - Registering HTTP Endpoint: (POST) /machine/update/system
2023-09-08 13:05:40,237 [websockets.py:register_api_handler()] - Registering Websocket JSON-RPC methods: machine.update.system
2023-09-08 13:05:40,238 [app.py:register_local_handler()] - Registering HTTP Endpoint: (POST) /machine/update/client
2023-09-08 13:05:40,238 [websockets.py:register_api_handler()] - Registering Websocket JSON-RPC methods: machine.update.client
2023-09-08 13:05:40,239 [app.py:register_local_handler()] - Registering HTTP Endpoint: (POST) /machine/update/full
2023-09-08 13:05:40,240 [websockets.py:register_api_handler()] - Registering Websocket JSON-RPC methods: machine.update.full
2023-09-08 13:05:40,240 [app.py:register_local_handler()] - Registering HTTP Endpoint: (GET) /machine/update/status
2023-09-08 13:05:40,241 [websockets.py:register_api_handler()] - Registering Websocket JSON-RPC methods: machine.update.status
2023-09-08 13:05:40,241 [app.py:register_local_handler()] - Registering HTTP Endpoint: (POST) /machine/update/refresh
2023-09-08 13:05:40,242 [websockets.py:register_api_handler()] - Registering Websocket JSON-RPC methods: machine.update.refresh
2023-09-08 13:05:40,243 [app.py:register_local_handler()] - Registering HTTP Endpoint: (POST) /machine/update/recover
2023-09-08 13:05:40,244 [websockets.py:register_api_handler()] - Registering Websocket JSON-RPC methods: machine.update.recover
2023-09-08 13:05:40,244 [app.py:register_local_handler()] - Registering HTTP Endpoint: (POST) /machine/update/rollback
2023-09-08 13:05:40,246 [websockets.py:register_api_handler()] - Registering Websocket JSON-RPC methods: machine.update.rollback
2023-09-08 13:05:40,246 [server.py:load_component()] - Component (update_manager) loaded
2023-09-08 13:05:40,253 [app.py:register_local_handler()] - Registering HTTP Endpoint: (GET DELETE) /server/history/job
2023-09-08 13:05:40,254 [websockets.py:register_api_handler()] - Registering Websocket JSON-RPC methods: server.history.get_job, server.history.delete_job
2023-09-08 13:05:40,254 [app.py:register_local_handler()] - Registering HTTP Endpoint: (GET) /server/history/list
2023-09-08 13:05:40,255 [websockets.py:register_api_handler()] - Registering Websocket JSON-RPC methods: server.history.list
2023-09-08 13:05:40,255 [app.py:register_local_handler()] - Registering HTTP Endpoint: (GET) /server/history/totals
2023-09-08 13:05:40,257 [websockets.py:register_api_handler()] - Registering Websocket JSON-RPC methods: server.history.totals
2023-09-08 13:05:40,257 [app.py:register_local_handler()] - Registering HTTP Endpoint: (POST) /server/history/reset_totals
2023-09-08 13:05:40,259 [websockets.py:register_api_handler()] - Registering Websocket JSON-RPC methods: server.history.reset_totals
2023-09-08 13:05:40,261 [server.py:load_component()] - Component (history) loaded
2023-09-08 13:05:40,267 [app.py:register_local_handler()] - Registering HTTP Endpoint: (GET) /api/version
2023-09-08 13:05:40,268 [app.py:register_local_handler()] - Registering HTTP Endpoint: (GET) /api/server
2023-09-08 13:05:40,269 [app.py:register_local_handler()] - Registering HTTP Endpoint: (POST) /api/login
2023-09-08 13:05:40,269 [app.py:register_local_handler()] - Registering HTTP Endpoint: (GET) /api/currentuser
2023-09-08 13:05:40,270 [app.py:register_local_handler()] - Registering HTTP Endpoint: (GET) /api/settings
2023-09-08 13:05:40,271 [app.py:register_local_handler()] - Registering HTTP Endpoint: (GET) /api/job
2023-09-08 13:05:40,272 [app.py:register_local_handler()] - Registering HTTP Endpoint: (GET) /api/printer
2023-09-08 13:05:40,273 [app.py:register_local_handler()] - Registering HTTP Endpoint: (POST) /api/printer/command
2023-09-08 13:05:40,274 [app.py:register_local_handler()] - Registering HTTP Endpoint: (GET) /api/printerprofiles
2023-09-08 13:05:40,276 [app.py:register_local_handler()] - Registering HTTP Endpoint: (POST) /api/files/moonraker/(?P<relative_path>.+)
2023-09-08 13:05:40,277 [server.py:load_component()] - Component (octoprint_compat) loaded
2023-09-08 13:05:40,313 [authorization.py:__init__()] - Authorization Configuration Loaded
Trusted Clients:
10.0.0.0/8
127.0.0.0/8
169.254.0.0/16
172.16.0.0/12
192.168.0.0/16
fe80::/10
::1/128
CORS Domains:
.*\.lan
.*\.local
.*://localhost
.*://localhost:.*
.*://my\.mainsail\.xyz
.*://app\.fluidd\.xyz
2023-09-08 13:05:40,314 [app.py:register_local_handler()] - Registering HTTP Endpoint: (POST) /access/login
2023-09-08 13:05:40,315 [websockets.py:register_api_handler()] - Registering Websocket JSON-RPC methods: access.login
2023-09-08 13:05:40,315 [app.py:register_local_handler()] - Registering HTTP Endpoint: (POST) /access/logout
2023-09-08 13:05:40,316 [websockets.py:register_api_handler()] - Registering Websocket JSON-RPC methods: access.logout
2023-09-08 13:05:40,316 [app.py:register_local_handler()] - Registering HTTP Endpoint: (POST) /access/refresh_jwt
2023-09-08 13:05:40,317 [websockets.py:register_api_handler()] - Registering Websocket JSON-RPC methods: access.refresh_jwt
2023-09-08 13:05:40,317 [app.py:register_local_handler()] - Registering HTTP Endpoint: (GET POST DELETE) /access/user
2023-09-08 13:05:40,318 [websockets.py:register_api_handler()] - Registering Websocket JSON-RPC methods: access.get_user, access.post_user, access.delete_user
2023-09-08 13:05:40,318 [app.py:register_local_handler()] - Registering HTTP Endpoint: (GET) /access/users/list
2023-09-08 13:05:40,320 [websockets.py:register_api_handler()] - Registering Websocket JSON-RPC methods: access.users.list
2023-09-08 13:05:40,320 [app.py:register_local_handler()] - Registering HTTP Endpoint: (POST) /access/user/password
2023-09-08 13:05:40,321 [websockets.py:register_api_handler()] - Registering Websocket JSON-RPC methods: access.user.password
2023-09-08 13:05:40,321 [app.py:register_local_handler()] - Registering HTTP Endpoint: (GET POST) /access/api_key
2023-09-08 13:05:40,322 [websockets.py:register_api_handler()] - Registering Websocket JSON-RPC methods: access.get_api_key, access.post_api_key
2023-09-08 13:05:40,322 [app.py:register_local_handler()] - Registering HTTP Endpoint: (GET) /access/oneshot_token
2023-09-08 13:05:40,323 [websockets.py:register_api_handler()] - Registering Websocket JSON-RPC methods: access.oneshot_token
2023-09-08 13:05:40,323 [app.py:register_local_handler()] - Registering HTTP Endpoint: (GET) /access/info
2023-09-08 13:05:40,324 [websockets.py:register_api_handler()] - Registering Websocket JSON-RPC methods: access.info
2023-09-08 13:05:40,325 [server.py:load_component()] - Component (authorization) loaded
2023-09-08 13:05:40,348 [server.py:_initialize_component()] - Performing Component Post Init: [dbus_manager]
2023-09-08 13:05:40,380 [server.py:_initialize_component()] - Performing Component Post Init: [file_manager]
2023-09-08 13:05:40,455 [server.py:_initialize_component()] - Performing Component Post Init: [machine]
2023-09-08 13:05:40,456 [machine.py:validation_init()] - Installation version in database up to date
2023-09-08 13:05:40,961 [machine.py:check_virt_status()] - No Virtualization Detected
2023-09-08 13:05:40,980 [machine.py:_find_public_ip()] - Detected Local IP: 192.168.0.34
2023-09-08 13:05:40,984 [webcam.py:_set_default_host_ip()] - Default public webcam address set: http://192.168.0.34
2023-09-08 13:05:41,201 [server.py:add_log_rollover_item()] - 
Systemd unit moonraker.service:
unit_name: moonraker.service
is_default: True
manager: systemd
Properties:
**Requires=['-.mount', 'system.slice', 'network-online.target', 'sysinit.target']
**After=['-.mount', 'system.slice', 'network-online.target', 'systemd-journald.socket', 'sysinit.target', 'basic.target']
**SupplementaryGroups=['moonraker-admin']
**EnvironmentFiles=/home/themacboy/printer_data/systemd/moonraker.env
**ExecStart=/home/themacboy/moonraker-env/bin/python $MOONRAKER_ARGS
**WorkingDirectory=/home/themacboy/moonraker
**FragmentPath=/etc/systemd/system/moonraker.service
**Description=API Server for Klipper SV1
**User=themacboy
2023-09-08 13:05:41,201 [server.py:_initialize_component()] - Performing Component Post Init: [proc_stats]
2023-09-08 13:05:41,202 [server.py:_initialize_component()] - Performing Component Post Init: [announcements]
2023-09-08 13:05:41,206 [server.py:_initialize_component()] - Performing Component Post Init: [webcam]
2023-09-08 13:05:41,206 [webcam.py:_set_default_host_ip()] - Default public webcam address set: http://192.168.0.34
2023-09-08 13:05:41,207 [server.py:_initialize_component()] - Performing Component Post Init: [klippy_connection]
2023-09-08 13:05:41,209 [server.py:add_log_rollover_item()] - 
Systemd unit klipper.service:
unit_name: klipper.service
is_default: True
manager: systemd
Properties:
**Requires=['sysinit.target', 'system.slice', '-.mount']
**After=['-.mount', 'system.slice', 'network-online.target', 'systemd-journald.socket', 'klipper-mcu.service', 'sysinit.target', 'basic.target']
**SupplementaryGroups=[]
**EnvironmentFiles=/home/themacboy/printer_data/systemd/klipper.env
**ExecStart=/home/themacboy/klippy-env/bin/python $KLIPPER_ARGS
**WorkingDirectory=/home/themacboy/klipper
**FragmentPath=/etc/systemd/system/klipper.service
**Description=Klipper 3D Printer Firmware SV1
**User=themacboy
2023-09-08 13:05:41,209 [server.py:_initialize_component()] - Performing Component Post Init: [update_manager]
2023-09-08 13:05:41,214 [server.py:_initialize_component()] - Performing Component Post Init: [authorization]
2023-09-08 13:05:41,319 [base_deploy.py:log_info()] - PackageDeploy: PackageKit Provider Configured
2023-09-08 13:05:41,877 [git_deploy.py:log_repo_info()] - Git Repo moonraker Detected:
Owner: Arksine
Repository Name: moonraker
Path: /home/themacboy/moonraker
Remote: origin
Branch: master
Remote URL: https://github.com/Arksine/moonraker.git
Recovery URL: https://github.com/Arksine/moonraker.git
Current Commit SHA: fe120952ee06607d039af8f461028e9f5b817395
Upstream Commit SHA: fe120952ee06607d039af8f461028e9f5b817395
Current Version: v0.8.0-138-gfe120952
Upstream Version: v0.8.0-138-gfe120952
Rollback Commit: f487de77bc4c2db154299747aefce0ed2354bbf8
Rollback Branch: master
Rollback Version: v0.8.0-127-gf487de77
Is Dirty: False
Is Detached: False
Is Shallow: False
Commits Behind Count: 0
Diverged: False
2023-09-08 13:05:42,424 [git_deploy.py:log_repo_info()] - Git Repo klipper Detected:
Owner: Klipper3d
Repository Name: klipper
Path: /home/themacboy/klipper
Remote: origin
Branch: master
Remote URL: https://github.com/Klipper3d/klipper
Recovery URL: https://github.com/Klipper3d/klipper
Current Commit SHA: 01ed8096d8b53fd58f760b413533f1ef15f1b667
Upstream Commit SHA: 5f990f93d533247d3a675e8c423280f4333ad8ce
Current Version: v0.11.0-267-g01ed8096
Upstream Version: v0.11.0-271-g5f990f93
Rollback Commit: e9534d6f927ea6ef20c38ec4da4a4f3c10eddb84
Rollback Branch: master
Rollback Version: v0.11.0-250-ge9534d6f
Is Dirty: False
Is Detached: False
Is Shallow: False
Commits Behind Count: 4
Diverged: False
2023-09-08 13:05:42,965 [git_deploy.py:log_repo_info()] - Git Repo mainsail-config Detected:
Owner: mainsail-crew
Repository Name: mainsail-config
Path: /home/themacboy/mainsail-config
Remote: origin
Branch: master
Remote URL: https://github.com/mainsail-crew/mainsail-config.git
Recovery URL: https://github.com/mainsail-crew/mainsail-config.git
Current Commit SHA: a4f9d6bd0a4d7342f6ae59b1aca78d73656b4dc0
Upstream Commit SHA: c64d3af97a277ffdf607a398cc838991bcda069b
Current Version: v1.0.0-15-ga4f9d6bd-dirty
Upstream Version: v1.0.0-16-gc64d3af9
Rollback Commit: a4f9d6bd0a4d7342f6ae59b1aca78d73656b4dc0
Rollback Branch: master
Rollback Version: v1.0.0-15-ga4f9d6bd
Is Dirty: True
Is Detached: False
Is Shallow: False
Commits Behind Count: 1
Diverged: False
Repo Warnings:
  Repo is dirty.  Detected the following modifed files: []
2023-09-08 13:05:42,973 [web_deploy.py:_log_client_info()] - Web Client mainsail Detected:
Repo: mainsail-crew/mainsail
Channel: stable
Path: /home/themacboy/mainsail
Local Version: v2.7.0
Remote Version: v2.7.1
Valid: True
Fallback Client Detected: False
Pre-release: False
Download Url: https://github.com/mainsail-crew/mainsail/releases/download/v2.7.1/mainsail.zip
Download Size: 2114745
Content Type: application/zip
Rollback Version: v2.6.1
Rollback Repo: mainsail-crew/mainsail
2023-09-08 13:05:42,973 [base_deploy.py:log_info()] - PackageKit: Next refresh in: 2 Days, 23 Hours, 11 Minutes, 51 Seconds
2023-09-08 13:05:42,974 [base_deploy.py:log_info()] - Git Repo moonraker: Next refresh in: 2 Days, 23 Hours, 22 Minutes, 16 Seconds
2023-09-08 13:05:42,974 [base_deploy.py:log_info()] - Git Repo klipper: Next refresh in: 2 Days, 23 Hours, 22 Minutes, 27 Seconds
2023-09-08 13:05:42,974 [base_deploy.py:log_info()] - Git Repo mainsail-config: Next refresh in: 2 Days, 23 Hours, 22 Minutes, 29 Seconds
2023-09-08 13:05:42,974 [base_deploy.py:log_info()] - Web Client mainsail: Next refresh in: 2 Days, 23 Hours, 22 Minutes, 30 Seconds
2023-09-08 13:05:42,979 [extensions.py:start_unix_server()] - Creating Unix Domain Socket at '/home/themacboy/printer_data/comms/moonraker.sock'
2023-09-08 13:05:42,981 [server.py:start_server()] - Starting Moonraker on (0.0.0.0, 7125), Hostname: raspberrypi
2023-09-08 13:05:42,983 [app.py:listen()] - SSL Certificate/Key not configured, aborting HTTPS Server startup
2023-09-08 13:05:43,236 [klippy_connection.py:_do_connect()] - Klippy Connection Established
2023-09-08 13:05:43,626 [server.py:add_log_rollover_item()] - Klipper Version: v0.11.0-267-g01ed8096
2023-09-08 13:05:43,646 [app.py:register_remote_handler()] - Registering HTTP endpoint: (GET POST) /printer/info
2023-09-08 13:05:43,647 [websockets.py:register_api_handler()] - Registering Websocket JSON-RPC methods: printer.info
2023-09-08 13:05:43,647 [app.py:register_remote_handler()] - Registering HTTP endpoint: (GET POST) /printer/emergency_stop
2023-09-08 13:05:43,649 [websockets.py:register_api_handler()] - Registering Websocket JSON-RPC methods: printer.emergency_stop
2023-09-08 13:05:43,649 [app.py:register_remote_handler()] - Registering HTTP endpoint: (GET POST) /printer/gcode/help
2023-09-08 13:05:43,650 [websockets.py:register_api_handler()] - Registering Websocket JSON-RPC methods: printer.gcode.help
2023-09-08 13:05:43,650 [app.py:register_remote_handler()] - Registering HTTP endpoint: (GET POST) /printer/gcode/script
2023-09-08 13:05:43,652 [websockets.py:register_api_handler()] - Registering Websocket JSON-RPC methods: printer.gcode.script
2023-09-08 13:05:43,652 [app.py:register_remote_handler()] - Registering HTTP endpoint: (GET POST) /printer/gcode/restart
2023-09-08 13:05:43,654 [websockets.py:register_api_handler()] - Registering Websocket JSON-RPC methods: printer.gcode.restart
2023-09-08 13:05:43,654 [app.py:register_remote_handler()] - Registering HTTP endpoint: (GET POST) /printer/gcode/firmware_restart
2023-09-08 13:05:43,656 [websockets.py:register_api_handler()] - Registering Websocket JSON-RPC methods: printer.gcode.firmware_restart
2023-09-08 13:05:43,656 [app.py:register_remote_handler()] - Registering HTTP endpoint: (GET POST) /printer/objects/list
2023-09-08 13:05:43,658 [websockets.py:register_api_handler()] - Registering Websocket JSON-RPC methods: printer.objects.list
2023-09-08 13:05:43,658 [app.py:register_remote_handler()] - Registering HTTP endpoint: (GET POST) /printer/objects/query
2023-09-08 13:05:43,660 [websockets.py:register_api_handler()] - Registering Websocket JSON-RPC methods: printer.objects.query
2023-09-08 13:05:43,660 [app.py:register_remote_handler()] - Registering HTTP endpoint: (GET POST) /printer/objects/subscribe
2023-09-08 13:05:43,661 [websockets.py:register_api_handler()] - Registering Websocket JSON-RPC methods: printer.objects.subscribe
2023-09-08 13:05:43,662 [app.py:register_remote_handler()] - Registering HTTP endpoint: (GET POST) /printer/adxl345/dump_adxl345
2023-09-08 13:05:43,664 [websockets.py:register_api_handler()] - Registering Websocket JSON-RPC methods: printer.adxl345.dump_adxl345
2023-09-08 13:05:43,664 [app.py:register_remote_handler()] - Registering HTTP endpoint: (GET POST) /printer/pause_resume/cancel
2023-09-08 13:05:43,666 [websockets.py:register_api_handler()] - Registering Websocket JSON-RPC methods: printer.pause_resume.cancel
2023-09-08 13:05:43,666 [app.py:register_remote_handler()] - Registering HTTP endpoint: (GET POST) /printer/pause_resume/pause
2023-09-08 13:05:43,667 [websockets.py:register_api_handler()] - Registering Websocket JSON-RPC methods: printer.pause_resume.pause
2023-09-08 13:05:43,668 [app.py:register_remote_handler()] - Registering HTTP endpoint: (GET POST) /printer/pause_resume/resume
2023-09-08 13:05:43,669 [websockets.py:register_api_handler()] - Registering Websocket JSON-RPC methods: printer.pause_resume.resume
2023-09-08 13:05:43,670 [app.py:register_remote_handler()] - Registering HTTP endpoint: (GET POST) /printer/motion_report/dump_stepper
2023-09-08 13:05:43,672 [websockets.py:register_api_handler()] - Registering Websocket JSON-RPC methods: printer.motion_report.dump_stepper
2023-09-08 13:05:43,672 [app.py:register_remote_handler()] - Registering HTTP endpoint: (GET POST) /printer/query_endstops/status
2023-09-08 13:05:43,674 [websockets.py:register_api_handler()] - Registering Websocket JSON-RPC methods: printer.query_endstops.status
2023-09-08 13:05:43,674 [app.py:register_remote_handler()] - Registering HTTP endpoint: (GET POST) /printer/motion_report/dump_trapq
2023-09-08 13:05:43,676 [websockets.py:register_api_handler()] - Registering Websocket JSON-RPC methods: printer.motion_report.dump_trapq
2023-09-08 13:05:43,681 [klippy_connection.py:_request_initial_subscriptions()] - Webhooks Subscribed
2023-09-08 13:05:43,685 [klippy_connection.py:_request_initial_subscriptions()] - GCode Output Subscribed
2023-09-08 13:05:43,931 [job_state.py:_handle_started()] - Job state initialized: standby
2023-09-08 13:05:44,203 [klippy_connection.py:_check_ready()] - Klippy ready
2023-09-08 13:05:44,683 [data_store.py:_init_sensors()] - Configuring available sensors: ['temperature_sensor raspberry_pi', 'temperature_sensor Flsun_SR', 'heater_bed', 'extruder']
2023-09-08 13:05:47,439 [klippy_connection.py:_process_status_update()] - Klippy has shutdown
2023-09-08 13:05:47,442 [proc_stats.py:_handle_shutdown()] - 
Moonraker System Usage Statistics:
System Time: 1694171141.241360, Usage: -0.0%, Memory: 24824 kB
System Time: 1694171142.222127, Usage: 17.36%, Memory: 25188 kB
System Time: 1694171143.222818, Usage: 7.12%, Memory: 25196 kB
System Time: 1694171144.223356, Usage: 21.57%, Memory: 25476 kB
System Time: 1694171145.227653, Usage: 1.97%, Memory: 25476 kB
System Time: 1694171146.227774, Usage: 1.73%, Memory: 25476 kB
System Time: 1694171147.227121, Usage: 3.13%, Memory: 25476 kB
CPU Temperature: 49.388
2023-09-08 13:05:47,461 [proc_stats.py:_handle_shutdown()] - Throttled Flags: 
2023-09-08 13:05:48,512 [klippy_connection.py:_on_connection_closed()] - Klippy Connection Removed
2023-09-08 13:06:01,855 [klippy_connection.py:_do_connect()] - Klippy Connection Established
2023-09-08 13:06:05,035 [server.py:add_log_rollover_item()] - Klipper Version: v0.11.0-271-g5f990f93
2023-09-08 13:06:06,375 [klippy_connection.py:_request_initial_subscriptions()] - Webhooks Subscribed
2023-09-08 13:06:06,381 [klippy_connection.py:_request_initial_subscriptions()] - GCode Output Subscribed
2023-09-08 13:06:06,387 [klippy_connection.py:_check_ready()] - 
Can not update MCU 'mcu' config as it is shutdown
Once the underlying issue is corrected, use the
"FIRMWARE_RESTART" command to reset the firmware, reload the
config, and restart the host software.
Error configuring printer

